Mono path[0] = 'C:/Program Files (x86)/Steam/steamapps/common/RimWorld/RimWorldWin64_Data/Managed'
Mono config path = 'C:/Program Files (x86)/Steam/steamapps/common/RimWorld/MonoBleedingEdge/etc'
Initialize engine version: 2019.4.30f1 (e8c891080a1f)
[Subsystems] Discovering subsystems at path C:/Program Files (x86)/Steam/steamapps/common/RimWorld/RimWorldWin64_Data/UnitySubsystems
GfxDevice: creating device client; threaded=1
Direct3D:
    Version:  Direct3D 11.0 [level 11.1]
    Renderer: NVIDIA GeForce RTX 3050 Laptop GPU (ID=0x25a5)
    Vendor:   
    VRAM:     3991 MB
    Driver:   31.0.15.2225
Begin MonoManager ReloadAssembly
- Completed reload, in  2.343 seconds
<RI> Initializing input.
<RI> Input initialized.
<RI> Initialized touch support.
UnloadTime: 1.226700 ms
RimWorld 1.4.3613 rev641
Fallback handler could not load library C:/Program Files (x86)/Steam/steamapps/common/RimWorld/RimWorldWin64_Data/Mono/data-0000014C89A084A0.dll
Fallback handler could not load library C:/Program Files (x86)/Steam/steamapps/common/RimWorld/RimWorldWin64_Data/Mono/data-0000014C85FE4FE0.dll
Fallback handler could not load library C:/Program Files (x86)/Steam/steamapps/common/RimWorld/RimWorldWin64_Data/Mono/data-0000014C89B2BCD0.dll
Fallback handler could not load library C:/Program Files (x86)/Steam/steamapps/common/RimWorld/RimWorldWin64_Data/Mono/data-0000014C89B81F20.dll
Fallback handler could not load library C:/Program Files (x86)/Steam/steamapps/common/RimWorld/RimWorldWin64_Data/Mono/data-0000014C89BB4530.dll
Fallback handler could not load library C:/Program Files (x86)/Steam/steamapps/common/RimWorld/RimWorldWin64_Data/Mono/data-0000014C89BC7750.dll
Fallback handler could not load library C:/Program Files (x86)/Steam/steamapps/common/RimWorld/RimWorldWin64_Data/Mono/data-0000014C89BCC760.dll
Fallback handler could not load library C:/Program Files (x86)/Steam/steamapps/common/RimWorld/RimWorldWin64_Data/Mono/data-0000014C89BD2170.dll
Fallback handler could not load library C:/Program Files (x86)/Steam/steamapps/common/RimWorld/RimWorldWin64_Data/Mono/data-0000014C89BD6790.dll
Fallback handler could not load library C:/Program Files (x86)/Steam/steamapps/common/RimWorld/RimWorldWin64_Data/Mono/data-0000014C89C241D0.dll
Fallback handler could not load library C:/Program Files (x86)/Steam/steamapps/common/RimWorld/RimWorldWin64_Data/Mono/data-0000014C89C6CE20.dll
Fallback handler could not load library C:/Program Files (x86)/Steam/steamapps/common/RimWorld/RimWorldWin64_Data/Mono/data-0000014C89C70470.dll
Fallback handler could not load library C:/Program Files (x86)/Steam/steamapps/common/RimWorld/RimWorldWin64_Data/Mono/data-0000014C89C77C90.dll
Fallback handler could not load library C:/Program Files (x86)/Steam/steamapps/common/RimWorld/RimWorldWin64_Data/Mono/data-0000014C89CA12E0.dll
Fallback handler could not load library C:/Program Files (x86)/Steam/steamapps/common/RimWorld/RimWorldWin64_Data/Mono/data-0000014C89CBBF00.dll
Fallback handler could not load library C:/Program Files (x86)/Steam/steamapps/common/RimWorld/RimWorldWin64_Data/Mono/data-0000014C89CBDD10.dll
Fallback handler could not load library C:/Program Files (x86)/Steam/steamapps/common/RimWorld/RimWorldWin64_Data/Mono/data-0000014C89CC0330.dll
Fallback handler could not load library C:/Program Files (x86)/Steam/steamapps/common/RimWorld/RimWorldWin64_Data/Mono/data-0000014C89CC5950.dll
Fallback handler could not load library C:/Program Files (x86)/Steam/steamapps/common/RimWorld/RimWorldWin64_Data/Mono/data-0000014C89CF9170.dll
Fallback handler could not load library C:/Program Files (x86)/Steam/steamapps/common/RimWorld/RimWorldWin64_Data/Mono/data-0000014C89D02D80.dll
Fallback handler could not load library C:/Program Files (x86)/Steam/steamapps/common/RimWorld/RimWorldWin64_Data/Mono/data-0000014C89E2A920.dll
Fallback handler could not load library C:/Program Files (x86)/Steam/steamapps/common/RimWorld/RimWorldWin64_Data/Mono/data-0000014C89E35540.dll
Fallback handler could not load library C:/Program Files (x86)/Steam/steamapps/common/RimWorld/RimWorldWin64_Data/Mono/data-0000014C89E45D70.dll
Fallback handler could not load library C:/Program Files (x86)/Steam/steamapps/common/RimWorld/RimWorldWin64_Data/Mono/data-0000014C85FDC370.dll
Fallback handler could not load library C:/Program Files (x86)/Steam/steamapps/common/RimWorld/RimWorldWin64_Data/Mono/data-0000014C89E26A40.dll
Fallback handler could not load library C:/Program Files (x86)/Steam/steamapps/common/RimWorld/RimWorldWin64_Data/Mono/data-0000014C89E789A0.dll
Fallback handler could not load library C:/Program Files (x86)/Steam/steamapps/common/RimWorld/RimWorldWin64_Data/Mono/data-0000014C89E84BB0.dll
Fallback handler could not load library C:/Program Files (x86)/Steam/steamapps/common/RimWorld/RimWorldWin64_Data/Mono/data-0000014C89E88BE0.dll
Fallback handler could not load library C:/Program Files (x86)/Steam/steamapps/common/RimWorld/RimWorldWin64_Data/Mono/data-0000014C89E96620.dll
Fallback handler could not load library C:/Program Files (x86)/Steam/steamapps/common/RimWorld/RimWorldWin64_Data/Mono/data-0000014C89EF4020.dll
Fallback handler could not load library C:/Program Files (x86)/Steam/steamapps/common/RimWorld/RimWorldWin64_Data/Mono/data-0000014C89F14490.dll
Fallback handler could not load library C:/Program Files (x86)/Steam/steamapps/common/RimWorld/RimWorldWin64_Data/Mono/data-0000014C89F4E4C0.dll
Fallback handler could not load library C:/Program Files (x86)/Steam/steamapps/common/RimWorld/RimWorldWin64_Data/Mono/data-0000014C89F5B2E0.dll
Fallback handler could not load library C:/Program Files (x86)/Steam/steamapps/common/RimWorld/RimWorldWin64_Data/Mono/data-0000014C89F5CCF0.dll
Fallback handler could not load library C:/Program Files (x86)/Steam/steamapps/common/RimWorld/RimWorldWin64_Data/Mono/data-0000014C89F6FF10.dll
Fallback handler could not load library C:/Program Files (x86)/Steam/steamapps/common/RimWorld/RimWorldWin64_Data/Mono/data-0000014C89F79530.dll
Fallback handler could not load library C:/Program Files (x86)/Steam/steamapps/common/RimWorld/RimWorldWin64_Data/Mono/data-0000014C89F99F40.dll
Fallback handler could not load library C:/Program Files (x86)/Steam/steamapps/common/RimWorld/RimWorldWin64_Data/Mono/data-0000014C89FD0760.dll
Fallback handler could not load library C:/Program Files (x86)/Steam/steamapps/common/RimWorld/RimWorldWin64_Data/Mono/data-0000014C898B15E0.dll
Fallback handler could not load library C:/Program Files (x86)/Steam/steamapps/common/RimWorld/RimWorldWin64_Data/Mono/data-0000014C89FEBF90.dll
Fallback handler could not load library C:/Program Files (x86)/Steam/steamapps/common/RimWorld/RimWorldWin64_Data/Mono/data-0000014C8A0299D0.dll
Fallback handler could not load library C:/Program Files (x86)/Steam/steamapps/common/RimWorld/RimWorldWin64_Data/Mono/data-0000014C8989FD70.dll
Fallback handler could not load library C:/Program Files (x86)/Steam/steamapps/common/RimWorld/RimWorldWin64_Data/Mono/data-0000014C8A03C7F0.dll
Fallback handler could not load library C:/Program Files (x86)/Steam/steamapps/common/RimWorld/RimWorldWin64_Data/Mono/data-0000014C8A043C10.dll
Fallback handler could not load library C:/Program Files (x86)/Steam/steamapps/common/RimWorld/RimWorldWin64_Data/Mono/data-0000014C85FDFFA0.dll
Fallback handler could not load library C:/Program Files (x86)/Steam/steamapps/common/RimWorld/RimWorldWin64_Data/Mono/data-0000014C8A047820.dll
Fallback handler could not load library C:/Program Files (x86)/Steam/steamapps/common/RimWorld/RimWorldWin64_Data/Mono/data-0000014C8A067830.dll
Fallback handler could not load library C:/Program Files (x86)/Steam/steamapps/common/RimWorld/RimWorldWin64_Data/Mono/data-0000014C8A06A240.dll
Fallback handler could not load library C:/Program Files (x86)/Steam/steamapps/common/RimWorld/RimWorldWin64_Data/Mono/data-0000014C8A06C650.dll
Fallback handler could not load library C:/Program Files (x86)/Steam/steamapps/common/RimWorld/RimWorldWin64_Data/Mono/data-0000014C8A076260.dll
Fallback handler could not load library C:/Program Files (x86)/Steam/steamapps/common/RimWorld/RimWorldWin64_Data/Mono/data-0000014C8A078070.dll
Fallback handler could not load library C:/Program Files (x86)/Steam/steamapps/common/RimWorld/RimWorldWin64_Data/Mono/data-0000014C8A07A680.dll
Fallback handler could not load library C:/Program Files (x86)/Steam/steamapps/common/RimWorld/RimWorldWin64_Data/Mono/data-0000014C8A0826A0.dll
Fallback handler could not load library C:/Program Files (x86)/Steam/steamapps/common/RimWorld/RimWorldWin64_Data/Mono/data-0000014C8A08D8B0.dll
Fallback handler could not load library C:/Program Files (x86)/Steam/steamapps/common/RimWorld/RimWorldWin64_Data/Mono/data-0000014C8A0BB6C0.dll
Fallback handler could not load library C:/Program Files (x86)/Steam/steamapps/common/RimWorld/RimWorldWin64_Data/Mono/data-0000014C8A0D98E0.dll
Fallback handler could not load library C:/Program Files (x86)/Steam/steamapps/common/RimWorld/RimWorldWin64_Data/Mono/data-0000014C8A102900.dll
Fallback handler could not load library C:/Program Files (x86)/Steam/steamapps/common/RimWorld/RimWorldWin64_Data/Mono/data-0000014C863FFA40.dll
Fallback handler could not load library C:/Program Files (x86)/Steam/steamapps/common/RimWorld/RimWorldWin64_Data/Mono/data-0000014C8968D360.dll
Fallback handler could not load library C:/Program Files (x86)/Steam/steamapps/common/RimWorld/RimWorldWin64_Data/Mono/data-0000014C8A115520.dll
Fallback handler could not load library C:/Program Files (x86)/Steam/steamapps/common/RimWorld/RimWorldWin64_Data/Mono/data-0000014C8A130F60.dll
Fallback handler could not load library C:/Program Files (x86)/Steam/steamapps/common/RimWorld/RimWorldWin64_Data/Mono/data-0000014C8A150380.dll
Fallback handler could not load library C:/Program Files (x86)/Steam/steamapps/common/RimWorld/RimWorldWin64_Data/Mono/data-0000014C8A1595A0.dll
Fallback handler could not load library C:/Program Files (x86)/Steam/steamapps/common/RimWorld/RimWorldWin64_Data/Mono/data-0000014C85FEA020.dll
Fallback handler could not load library C:/Program Files (x86)/Steam/steamapps/common/RimWorld/RimWorldWin64_Data/Mono/data-0000014C8A15CBC0.dll
Fallback handler could not load library C:/Program Files (x86)/Steam/steamapps/common/RimWorld/RimWorldWin64_Data/Mono/data-0000014C8A1693E0.dll
Fallback handler could not load library C:/Program Files (x86)/Steam/steamapps/common/RimWorld/RimWorldWin64_Data/Mono/data-0000014C8A183C00.dll
Fallback handler could not load library C:/Program Files (x86)/Steam/steamapps/common/RimWorld/RimWorldWin64_Data/Mono/data-0000014C8A198C20.dll
Fallback handler could not load library C:/Program Files (x86)/Steam/steamapps/common/RimWorld/RimWorldWin64_Data/Mono/data-0000014C8A19AA30.dll
Fallback handler could not load library C:/Program Files (x86)/Steam/steamapps/common/RimWorld/RimWorldWin64_Data/Mono/data-0000014C8A282250.dll
Fallback handler could not load library C:/Program Files (x86)/Steam/steamapps/common/RimWorld/RimWorldWin64_Data/Mono/data-0000014C8A33A5E0.dll
Fallback handler could not load library C:/Program Files (x86)/Steam/steamapps/common/RimWorld/RimWorldWin64_Data/Mono/data-0000014C8A3477F0.dll
Fallback handler could not load library C:/Program Files (x86)/Steam/steamapps/common/RimWorld/RimWorldWin64_Data/Mono/data-0000014C8A44B8A0.dll
Fallback handler could not load library C:/Program Files (x86)/Steam/steamapps/common/RimWorld/RimWorldWin64_Data/Mono/data-0000014C8A4D3220.dll
Fallback handler could not load library C:/Program Files (x86)/Steam/steamapps/common/RimWorld/RimWorldWin64_Data/Mono/data-0000014C8A4DD830.dll
Fallback handler could not load library C:/Program Files (x86)/Steam/steamapps/common/RimWorld/RimWorldWin64_Data/Mono/data-0000014C8A51E880.dll
Fallback handler could not load library C:/Program Files (x86)/Steam/steamapps/common/RimWorld/RimWorldWin64_Data/Mono/data-0000014C85FE13B0.dll
Fallback handler could not load library C:/Program Files (x86)/Steam/steamapps/common/RimWorld/RimWorldWin64_Data/Mono/data-0000014C8A5448A0.dll
Fallback handler could not load library C:/Program Files (x86)/Steam/steamapps/common/RimWorld/RimWorldWin64_Data/Mono/data-0000014C8A54B4B0.dll
Fallback handler could not load library C:/Program Files (x86)/Steam/steamapps/common/RimWorld/RimWorldWin64_Data/Mono/data-0000014C8A35B830.dll
Fallback handler could not load library C:/Program Files (x86)/Steam/steamapps/common/RimWorld/RimWorldWin64_Data/Mono/data-0000014C8A55ACD0.dll
Fallback handler could not load library C:/Program Files (x86)/Steam/steamapps/common/RimWorld/RimWorldWin64_Data/Mono/data-0000014C8A5682E0.dll
Fallback handler could not load library C:/Program Files (x86)/Steam/steamapps/common/RimWorld/RimWorldWin64_Data/Mono/data-0000014C8A59BF10.dll
Fallback handler could not load library C:/Program Files (x86)/Steam/steamapps/common/RimWorld/RimWorldWin64_Data/Mono/data-0000014C8A5A2730.dll
Fallback handler could not load library C:/Program Files (x86)/Steam/steamapps/common/RimWorld/RimWorldWin64_Data/Mono/data-0000014C8A5A3F40.dll
Fallback handler could not load library C:/Program Files (x86)/Steam/steamapps/common/RimWorld/RimWorldWin64_Data/Mono/data-0000014C8A5F2160.dll
Fallback handler could not load library C:/Program Files (x86)/Steam/steamapps/common/RimWorld/RimWorldWin64_Data/Mono/data-0000014C8A5F6B70.dll
Fallback handler could not load library C:/Program Files (x86)/Steam/steamapps/common/RimWorld/RimWorldWin64_Data/Mono/data-0000014C8A620B90.dll
Fallback handler could not load library C:/Program Files (x86)/Steam/steamapps/common/RimWorld/RimWorldWin64_Data/Mono/data-0000014C8A6279A0.dll
Fallback handler could not load library C:/Program Files (x86)/Steam/steamapps/common/RimWorld/RimWorldWin64_Data/Mono/data-0000014C8A63C9D0.dll
Fallback handler could not load library C:/Program Files (x86)/Steam/steamapps/common/RimWorld/RimWorldWin64_Data/Mono/data-0000014C8A6D0010.dll
Fallback handler could not load library C:/Program Files (x86)/Steam/steamapps/common/RimWorld/RimWorldWin64_Data/Mono/data-0000014C8A6FD420.dll
Fallback handler could not load library C:/Program Files (x86)/Steam/steamapps/common/RimWorld/RimWorldWin64_Data/Mono/data-0000014C8A8553C0.dll
Fallback handler could not load library C:/Program Files (x86)/Steam/steamapps/common/RimWorld/RimWorldWin64_Data/Mono/data-0000014C8AAB4170.dll
[HugsLib] version 10.0.1
Fallback handler could not load library C:/Program Files (x86)/Steam/steamapps/common/RimWorld/RimWorldWin64_Data/Mono/data-0000014C8B2E7550.dll
[HugsLib] early-initializing AllowTool
[VanillaAchievementsExpanded] version 1.4.8315
Fallback handler could not load library C:/Program Files (x86)/Steam/steamapps/common/RimWorld/RimWorldWin64_Data/Mono/data-0000014C8C0FA060.dll
Fallback handler could not load library C:/Program Files (x86)/Steam/steamapps/common/RimWorld/RimWorldWin64_Data/Mono/data-0000014C8DCBB230.dll
Fallback handler could not load library C:/Program Files (x86)/Steam/steamapps/common/RimWorld/RimWorldWin64_Data/Mono/data-0000014C8DC2D020.dll
Fallback handler could not load library C:/Program Files (x86)/Steam/steamapps/common/RimWorld/RimWorldWin64_Data/Mono/data-0000014C8DB4B030.dll
Fallback handler could not load library C:/Program Files (x86)/Steam/steamapps/common/RimWorld/RimWorldWin64_Data/Mono/data-0000014C8DCD3C70.dll
Fallback handler could not load library C:/Program Files (x86)/Steam/steamapps/common/RimWorld/RimWorldWin64_Data/Mono/data-0000014C8DC7B010.dll
GAGARIN: <color=green>StartUpStarted called!</color>
GAGARIN: <color=green>Cache found</color> 
(Filename: C:\buildslave\unity\build\Runtime/Export/Debug/Debug.bindings.h Line: 39)

GAGARIN: <color=yello>Cache disabled from</color>
StartUpStarted at offset 0 in file:line:column <filename unknown>:0:0
InternalInvoke at offset 0 in file:line:column <filename unknown>:0:0
Invoke at offset 0 in file:line:column <filename unknown>:0:0
Invoke at offset 0 in file:line:column <filename unknown>:0:0
<GetActions>b__3 at offset 0 in file:line:column <filename unknown>:0:0
.ctor at offset 0 in file:line:column <filename unknown>:0:0
InternalInvoke at offset 0 in file:line:column <filename unknown>:0:0
InternalInvoke at offset 0 in file:line:column <filename unknown>:0:0
DoInvoke at offset 0 in file:line:column <filename unknown>:0:0
Invoke at offset 0 in file:line:column <filename unknown>:0:0
CreateInstanceImpl at offset 0 in file:line:column <filename unknown>:0:0
CreateInstance at offset 0 in file:line:column <filename unknown>:0:0
CreateInstance at offset 0 in file:line:column <filename unknown>:0:0
CreateModClasses at offset 0 in file:line:column <filename unknown>:0:0
LoadAllActiveMods at offset 0 in file:line:column <filename unknown>:0:0
DoPlayLoad at offset 0 in file:line:column <filename unknown>:0:0
LoadAllPlayData at offset 0 in file:line:column <filename unknown>:0:0
<Start>b__6_1 at offset 0 in file:line:column <filename unknown>:0:0
RunEventFromAnotherThread at offset 0 in file:line:column <filename unknown>:0:0
<UpdateCurrentAsynchronousEvent>b__27_0 at offset 0 in file:line:column <filename unknown>:0:0
ThreadStart_Context at offset 0 in file:line:column <filename unknown>:0:0
RunInternal at offset 0 in file:line:column <filename unknown>:0:0
Run at offset 0 in file:line:column <filename unknown>:0:0
Run at offset 0 in file:line:column <filename unknown>:0:0
ThreadStart at offset 0 in file:line:column <filename unknown>:0:0 
(Filename: C:\buildslave\unity\build\Runtime/Export/Debug/Debug.bindings.h Line: 39)

GAGARIN: Mod list changed! Deleting cache 
(Filename: C:\buildslave\unity\build\Runtime/Export/Debug/Debug.bindings.h Line: 39)

GAGARIN: <color=green>Cache not found or got purged!</color> 
(Filename: C:\buildslave\unity\build\Runtime/Export/Debug/Debug.bindings.h Line: 39)

b.3613:1/18/2023 12:00:00 AM:1.4.3613 rev641
b.3613:1/18/2023 12:00:00 AM:1.4.3613 rev641
b.3613:1/18/2023 12:00:00 AM:1.4.3613 rev641
b.3613:1/18/2023 12:00:00 AM:1.4.3613 rev641
[Yayo's Animation] - No oversized weapons.
[Yayo's Animation] - No deflector.
GAGARIN: <color=white>LoadModXML_Profiler</color> took <color=red>4.062</color> seconds 
(Filename: C:\buildslave\unity\build\Runtime/Export/Debug/Debug.bindings.h Line: 39)

GAGARIN: CombineIntoUnifiedXML has <color=red>Context.IsUsingCache=False</color> 
(Filename: C:\buildslave\unity\build\Runtime/Export/Debug/Debug.bindings.h Line: 39)

GAGARIN: <color=white>CombineIntoUnifiedXML_Profiler</color> took <color=red>0.822</color> seconds 
(Filename: C:\buildslave\unity\build\Runtime/Export/Debug/Debug.bindings.h Line: 39)

GAGARIN: <color=white>TKeySystem.Parse</color> took <color=red>0.002</color> seconds 
(Filename: C:\buildslave\unity\build\Runtime/Export/Debug/Debug.bindings.h Line: 39)

GAGARIN: <color=white>ApplyPatches_Profiler</color> took <color=red>3.966</color> seconds 
(Filename: C:\buildslave\unity\build\Runtime/Export/Debug/Debug.bindings.h Line: 39)

GAGARIN: <color=white>XmlInheritance.Resolve</color> took <color=red>0.263</color> seconds 
(Filename: C:\buildslave\unity\build\Runtime/Export/Debug/Debug.bindings.h Line: 39)

b.3613:1/18/2023 12:00:00 AM:1.4.3613 rev641
GAGARIN: <color=white>Cache created!</color> creating cache took <color=green>0 seconds</color> 
(Filename: C:\buildslave\unity\build\Runtime/Export/Debug/Debug.bindings.h Line: 39)

GAGARIN: <color=white>ParseAndProcessXML_Profiler</color> took <color=red>7.696</color> seconds 
(Filename: C:\buildslave\unity\build\Runtime/Export/Debug/Debug.bindings.h Line: 39)

GAGARIN: <color=white>ClearCachedPatches_Profiler</color> took <color=red>0</color> seconds 
(Filename: C:\buildslave\unity\build\Runtime/Export/Debug/Debug.bindings.h Line: 39)

<color=orange>[OskarObnoxious]</color> version 1.4.0
GAGARIN: <color=white>XmlInheritance.Resolve</color> took <color=red>0.263</color> seconds 
(Filename: C:\buildslave\unity\build\Runtime/Export/Debug/Debug.bindings.h Line: 39)

[Vanilla Furniture Expanded - Architect] Activating Replace Stuff compatibility patch
GAGARIN: <color=white>XmlInheritance.Resolve</color> took <color=red>0.263</color> seconds 
(Filename: C:\buildslave\unity\build\Runtime/Export/Debug/Debug.bindings.h Line: 39)

[RimHUD v1.11.3] Initialized
PickUpAndHaul v0.1.3.2⅔ welcomes you to RimWorld with pointless logspam.
Wall Light: v1.4.8348.3000
Wall Light - Replace Stuff compatibility initialized.
GAGARIN: <color=green>StartUpFinished called!</color>
MVCF successfully applied 45 patches
[UnlimitedHugs.HugsLib] Patches on methods annotated as Obsolete were detected by HugsLib: Verse.Game.DeinitAndRemoveMap 
(Filename: C:\buildslave\unity\build\Runtime/Export/Debug/Debug.bindings.h Line: 39)

[Krkr.RocketMan] Patches on methods annotated as Obsolete were detected by HugsLib: Verse.Game.DeinitAndRemoveMap 
(Filename: C:\buildslave\unity\build\Runtime/Export/Debug/Debug.bindings.h Line: 39)

[PerformanceOptimizer.Main] Patches on methods annotated as Obsolete were detected by HugsLib: Verse.MapDeiniter.Deinit 
(Filename: C:\buildslave\unity\build\Runtime/Export/Debug/Debug.bindings.h Line: 39)

[OskarPotocki.VanillaPsycastsExpanded] Patches on methods annotated as Obsolete were detected by HugsLib: Verse.MapDeiniter.Deinit 
(Filename: C:\buildslave\unity\build\Runtime/Export/Debug/Debug.bindings.h Line: 39)

Transpiled 1573 methods, it took: 4.623993s
[AllowTool] Applied compatibility patch for "Pick Up And Haul"
[HugsLib] initializing com.github.alandariva.moreplanning, MapReroll
[MapReroll] Applied Prepare Carefully compatibility layer. Note: removing Prepare Carefully after starting a new game will now cause errors, but these can be safely ignored.
[OgreStack]: Modify Stack Sizes Complete
Setting up 8 worker threads for Enlighten.
  Thread -> id: 5f2c -> priority: 1 
  Thread -> id: 34cc -> priority: 1 
  Thread -> id: 7880 -> priority: 1 
  Thread -> id: 4c3c -> priority: 1 
  Thread -> id: 1dd4 -> priority: 1 
  Thread -> id: 49d4 -> priority: 1 
  Thread -> id: 2718 -> priority: 1 
  Thread -> id: 46d8 -> priority: 1 
